<?xml version="1.0" encoding="UTF-8"?>
<testng-results ignored="0" total="1" passed="1" failed="0" skipped="0">
  <reporter-output>
  </reporter-output>
  <suite started-at="2021-10-19T14:14:24 IST" name="Default suite" finished-at="2021-10-19T14:16:44 IST" duration-ms="140774">
    <groups>
    </groups>
    <test started-at="2021-10-19T14:14:24 IST" name="Default test" finished-at="2021-10-19T14:16:44 IST" duration-ms="140774">
      <class name="ui.NewTest">
        <test-method is-config="true" signature="beforeClass()[pri:0, instance:ui.NewTest@76908cc0]" started-at="2021-10-19T14:14:24 IST" name="beforeClass" finished-at="2021-10-19T14:14:25 IST" duration-ms="1621" status="PASS">
          <reporter-output>
          </reporter-output>
        </test-method> <!-- beforeClass -->
        <test-method signature="openMyBlog()[pri:0, instance:ui.NewTest@76908cc0]" started-at="2021-10-19T14:14:25 IST" name="openMyBlog" description="opening of the blog is successfully occured!" finished-at="2021-10-19T14:16:44 IST" duration-ms="138894" status="PASS">
          <reporter-output>
          </reporter-output>
        </test-method> <!-- openMyBlog -->
        <test-method is-config="true" signature="afterClass()[pri:0, instance:ui.NewTest@76908cc0]" started-at="2021-10-19T14:16:44 IST" name="afterClass" finished-at="2021-10-19T14:16:44 IST" duration-ms="221" status="PASS">
          <reporter-output>
          </reporter-output>
        </test-method> <!-- afterClass -->
      </class> <!-- ui.NewTest -->
    </test> <!-- Default test -->
  </suite> <!-- Default suite -->
</testng-results>
